<?xml version="1.0" encoding="UTF-8"?>
<testsuite name="com.wfy.spring.boot.blog.ApplicationTests" tests="1" skipped="0" failures="0" errors="0" timestamp="2019-05-11T13:27:16" hostname="DESKTOP-F4SG9G8" time="0.599">
  <properties/>
  <testcase name="contextLoads" classname="com.wfy.spring.boot.blog.ApplicationTests" time="0.599"/>
  <system-out><![CDATA[
  .   ____          _            __ _ _
 /\\ / ___'_ __ _ _(_)_ __  __ _ \ \ \ \
( ( )\___ | '_ | '_| | '_ \/ _` | \ \ \ \
 \\/  ___)| |_)| | | | | || (_| |  ) ) ) )
  '  |____| .__|_| |_|_| |_\__, | / / / /
 =========|_|==============|___/=/_/_/_/
 :: Spring Boot ::        (v2.0.7.RELEASE)

2019-05-11 21:26:51.411  INFO 16008 --- [    Test worker] c.wfy.spring.boot.blog.ApplicationTests  : Starting ApplicationTests on DESKTOP-F4SG9G8 with PID 16008 (started by wfy in E:\springboot\Community)
2019-05-11 21:26:51.428  INFO 16008 --- [    Test worker] c.wfy.spring.boot.blog.ApplicationTests  : No active profile set, falling back to default profiles: default
2019-05-11 21:26:51.685  INFO 16008 --- [    Test worker] o.s.w.c.s.GenericWebApplicationContext   : Refreshing org.springframework.web.context.support.GenericWebApplicationContext@19a49e08: startup date [Sat May 11 21:26:51 CST 2019]; root of context hierarchy
2019-05-11 21:26:59.225  INFO 16008 --- [    Test worker] trationDelegate$BeanPostProcessorChecker : Bean 'org.springframework.transaction.annotation.ProxyTransactionManagementConfiguration' of type [org.springframework.transaction.annotation.ProxyTransactionManagementConfiguration$$EnhancerBySpringCGLIB$$28765118] is not eligible for getting processed by all BeanPostProcessors (for example: not eligible for auto-proxying)
2019-05-11 21:26:59.345  INFO 16008 --- [    Test worker] trationDelegate$BeanPostProcessorChecker : Bean 'org.springframework.security.config.annotation.configuration.ObjectPostProcessorConfiguration' of type [org.springframework.security.config.annotation.configuration.ObjectPostProcessorConfiguration$$EnhancerBySpringCGLIB$$c1241952] is not eligible for getting processed by all BeanPostProcessors (for example: not eligible for auto-proxying)
2019-05-11 21:26:59.361  INFO 16008 --- [    Test worker] trationDelegate$BeanPostProcessorChecker : Bean 'objectPostProcessor' of type [org.springframework.security.config.annotation.configuration.AutowireBeanFactoryObjectPostProcessor] is not eligible for getting processed by all BeanPostProcessors (for example: not eligible for auto-proxying)
2019-05-11 21:26:59.365  INFO 16008 --- [    Test worker] trationDelegate$BeanPostProcessorChecker : Bean 'org.springframework.security.access.expression.method.DefaultMethodSecurityExpressionHandler@73805b7' of type [org.springframework.security.access.expression.method.DefaultMethodSecurityExpressionHandler] is not eligible for getting processed by all BeanPostProcessors (for example: not eligible for auto-proxying)
2019-05-11 21:26:59.374  INFO 16008 --- [    Test worker] trationDelegate$BeanPostProcessorChecker : Bean 'org.springframework.security.config.annotation.method.configuration.GlobalMethodSecurityConfiguration' of type [org.springframework.security.config.annotation.method.configuration.GlobalMethodSecurityConfiguration$$EnhancerBySpringCGLIB$$e5f8bc04] is not eligible for getting processed by all BeanPostProcessors (for example: not eligible for auto-proxying)
2019-05-11 21:26:59.391  INFO 16008 --- [    Test worker] trationDelegate$BeanPostProcessorChecker : Bean 'methodSecurityMetadataSource' of type [org.springframework.security.access.method.DelegatingMethodSecurityMetadataSource] is not eligible for getting processed by all BeanPostProcessors (for example: not eligible for auto-proxying)
2019-05-11 21:27:00.253  INFO 16008 --- [    Test worker] com.zaxxer.hikari.HikariDataSource       : HikariPool-1 - Starting...
2019-05-11 21:27:01.265  INFO 16008 --- [    Test worker] com.zaxxer.hikari.HikariDataSource       : HikariPool-1 - Start completed.
2019-05-11 21:27:01.463  INFO 16008 --- [    Test worker] j.LocalContainerEntityManagerFactoryBean : Building JPA container EntityManagerFactory for persistence unit 'default'
2019-05-11 21:27:01.548  INFO 16008 --- [    Test worker] o.hibernate.jpa.internal.util.LogHelper  : HHH000204: Processing PersistenceUnitInfo [
	name: default
	...]
2019-05-11 21:27:01.889  INFO 16008 --- [    Test worker] org.hibernate.Version                    : HHH000412: Hibernate Core {5.2.17.Final}
2019-05-11 21:27:01.896  INFO 16008 --- [    Test worker] org.hibernate.cfg.Environment            : HHH000206: hibernate.properties not found
2019-05-11 21:27:02.157  INFO 16008 --- [    Test worker] o.hibernate.annotations.common.Version   : HCANN000001: Hibernate Commons Annotations {5.0.1.Final}
2019-05-11 21:27:02.725  INFO 16008 --- [    Test worker] org.hibernate.dialect.Dialect            : HHH000400: Using dialect: org.hibernate.dialect.MySQL5Dialect
2019-05-11 21:27:08.762  INFO 16008 --- [    Test worker] j.LocalContainerEntityManagerFactoryBean : Initialized JPA EntityManagerFactory for persistence unit 'default'
2019-05-11 21:27:12.647  INFO 16008 --- [    Test worker] o.s.s.web.DefaultSecurityFilterChain     : Creating filter chain: org.springframework.security.web.util.matcher.AnyRequestMatcher@1, [org.springframework.security.web.context.request.async.WebAsyncManagerIntegrationFilter@59a71357, org.springframework.security.web.context.SecurityContextPersistenceFilter@1be7bdfb, org.springframework.security.web.header.HeaderWriterFilter@4baa5596, org.springframework.security.web.csrf.CsrfFilter@10dcbbbb, org.springframework.security.web.authentication.logout.LogoutFilter@1945ade9, org.springframework.security.web.authentication.UsernamePasswordAuthenticationFilter@1cd05bca, org.springframework.security.web.savedrequest.RequestCacheAwareFilter@72116d99, org.springframework.security.web.servletapi.SecurityContextHolderAwareRequestFilter@4d3a12e4, org.springframework.security.web.authentication.rememberme.RememberMeAuthenticationFilter@5ffa9c54, org.springframework.security.web.authentication.AnonymousAuthenticationFilter@3f47f2f9, org.springframework.security.web.session.SessionManagementFilter@6776ea31, org.springframework.security.web.access.ExceptionTranslationFilter@62d4b9ff, org.springframework.security.web.access.intercept.FilterSecurityInterceptor@2bfcfb91]
2019-05-11 21:27:13.782  INFO 16008 --- [    Test worker] o.s.w.s.handler.SimpleUrlHandlerMapping  : Mapped URL path [/**/favicon.ico] onto handler of type [class org.springframework.web.servlet.resource.ResourceHttpRequestHandler]
2019-05-11 21:27:14.547  INFO 16008 --- [    Test worker] s.w.s.m.m.a.RequestMappingHandlerAdapter : Looking for @ControllerAdvice: org.springframework.web.context.support.GenericWebApplicationContext@19a49e08: startup date [Sat May 11 21:26:51 CST 2019]; root of context hierarchy
2019-05-11 21:27:14.677  WARN 16008 --- [    Test worker] aWebConfiguration$JpaWebMvcConfiguration : spring.jpa.open-in-view is enabled by default. Therefore, database queries may be performed during view rendering. Explicitly configure spring.jpa.open-in-view to disable this warning
2019-05-11 21:27:14.793  INFO 16008 --- [    Test worker] s.w.s.m.m.a.RequestMappingHandlerMapping : Mapped "{[/admins],methods=[GET]}" onto public org.springframework.web.servlet.ModelAndView com.wfy.spring.boot.blog.controller.AdminController.listUsers(org.springframework.ui.Model)
2019-05-11 21:27:14.797  INFO 16008 --- [    Test worker] s.w.s.m.m.a.RequestMappingHandlerMapping : Mapped "{[/admins/echart],methods=[GET]}" onto public org.springframework.web.servlet.ModelAndView com.wfy.spring.boot.blog.controller.AdminController.showEchrts(org.springframework.ui.Model)
2019-05-11 21:27:14.798  INFO 16008 --- [    Test worker] s.w.s.m.m.a.RequestMappingHandlerMapping : Mapped "{[/admins/echart/blogDay],methods=[GET]}" onto public org.springframework.http.ResponseEntity<com.wfy.spring.boot.blog.vo.Response> com.wfy.spring.boot.blog.controller.AdminController.showEchrtBlogDays(org.springframework.ui.Model)
2019-05-11 21:27:14.799  INFO 16008 --- [    Test worker] s.w.s.m.m.a.RequestMappingHandlerMapping : Mapped "{[/admins/echart/postDay],methods=[GET]}" onto public org.springframework.http.ResponseEntity<com.wfy.spring.boot.blog.vo.Response> com.wfy.spring.boot.blog.controller.AdminController.showEchrtPostDays(org.springframework.ui.Model)
2019-05-11 21:27:14.803  INFO 16008 --- [    Test worker] s.w.s.m.m.a.RequestMappingHandlerMapping : Mapped "{[/blog/detail/{id}],methods=[GET]}" onto public org.springframework.web.servlet.ModelAndView com.wfy.spring.boot.blog.controller.BlogController.getBlogById(java.lang.Long,org.springframework.ui.Model)
2019-05-11 21:27:14.805  INFO 16008 --- [    Test worker] s.w.s.m.m.a.RequestMappingHandlerMapping : Mapped "{[/blog/rank],methods=[GET]}" onto public org.springframework.web.servlet.ModelAndView com.wfy.spring.boot.blog.controller.BlogController.getBlogRank(java.lang.String,int,org.springframework.ui.Model)
2019-05-11 21:27:14.808  INFO 16008 --- [    Test worker] s.w.s.m.m.a.RequestMappingHandlerMapping : Mapped "{[/blog],methods=[GET]}" onto public org.springframework.web.servlet.ModelAndView com.wfy.spring.boot.blog.controller.BlogController.listsBlogs(java.lang.String,java.lang.String,boolean,int,int,org.springframework.ui.Model)
2019-05-11 21:27:14.829  INFO 16008 --- [    Test worker] s.w.s.m.m.a.RequestMappingHandlerMapping : Mapped "{[/catalog/{id}],methods=[DELETE]}" onto public org.springframework.http.ResponseEntity<com.wfy.spring.boot.blog.vo.Response> com.wfy.spring.boot.blog.controller.CatalogController.delete(java.lang.Long)
2019-05-11 21:27:14.831  INFO 16008 --- [    Test worker] s.w.s.m.m.a.RequestMappingHandlerMapping : Mapped "{[/catalog/{username}],methods=[POST]}" onto public org.springframework.http.ResponseEntity<com.wfy.spring.boot.blog.vo.Response> com.wfy.spring.boot.blog.controller.CatalogController.create(com.wfy.spring.boot.blog.vo.CatalogVO)
2019-05-11 21:27:14.832  INFO 16008 --- [    Test worker] s.w.s.m.m.a.RequestMappingHandlerMapping : Mapped "{[/catalog/{username}],methods=[GET]}" onto public org.springframework.web.servlet.ModelAndView com.wfy.spring.boot.blog.controller.CatalogController.listCatalogs(java.lang.String,org.springframework.ui.Model)
2019-05-11 21:27:14.833  INFO 16008 --- [    Test worker] s.w.s.m.m.a.RequestMappingHandlerMapping : Mapped "{[/catalog/add],methods=[GET]}" onto public org.springframework.web.servlet.ModelAndView com.wfy.spring.boot.blog.controller.CatalogController.getCatalogEdit(org.springframework.ui.Model)
2019-05-11 21:27:14.835  INFO 16008 --- [    Test worker] s.w.s.m.m.a.RequestMappingHandlerMapping : Mapped "{[/catalog/edit/{id}],methods=[GET]}" onto public org.springframework.web.servlet.ModelAndView com.wfy.spring.boot.blog.controller.CatalogController.getCatalogById(java.lang.Long,org.springframework.ui.Model)
2019-05-11 21:27:14.838  INFO 16008 --- [    Test worker] s.w.s.m.m.a.RequestMappingHandlerMapping : Mapped "{[/comments],methods=[POST]}" onto public org.springframework.http.ResponseEntity<com.wfy.spring.boot.blog.vo.Response> com.wfy.spring.boot.blog.controller.CommentController.createComment(java.lang.Long,java.lang.String)
2019-05-11 21:27:14.840  INFO 16008 --- [    Test worker] s.w.s.m.m.a.RequestMappingHandlerMapping : Mapped "{[/comments/{id}],methods=[DELETE]}" onto public org.springframework.http.ResponseEntity<com.wfy.spring.boot.blog.vo.Response> com.wfy.spring.boot.blog.controller.CommentController.deleteBlog(java.lang.Long,java.lang.Long)
2019-05-11 21:27:14.841  INFO 16008 --- [    Test worker] s.w.s.m.m.a.RequestMappingHandlerMapping : Mapped "{[/comments],methods=[GET]}" onto public org.springframework.web.servlet.ModelAndView com.wfy.spring.boot.blog.controller.CommentController.listComments(java.lang.Long,org.springframework.ui.Model)
2019-05-11 21:27:14.847  INFO 16008 --- [    Test worker] s.w.s.m.m.a.RequestMappingHandlerMapping : Mapped "{[/contacts/user/{username}],methods=[GET]}" onto public org.springframework.web.servlet.ModelAndView com.wfy.spring.boot.blog.controller.ContactController.listUsers(java.lang.String,int,int,org.springframework.ui.Model)
2019-05-11 21:27:14.849  INFO 16008 --- [    Test worker] s.w.s.m.m.a.RequestMappingHandlerMapping : Mapped "{[/contacts/cancel/{username}],methods=[POST]}" onto public org.springframework.http.ResponseEntity<com.wfy.spring.boot.blog.vo.Response> com.wfy.spring.boot.blog.controller.ContactController.cancelContact(java.lang.String)
2019-05-11 21:27:14.851  INFO 16008 --- [    Test worker] s.w.s.m.m.a.RequestMappingHandlerMapping : Mapped "{[/contacts/add/{username}],methods=[POST]}" onto public org.springframework.http.ResponseEntity<com.wfy.spring.boot.blog.vo.Response> com.wfy.spring.boot.blog.controller.ContactController.createContact(java.lang.String)
2019-05-11 21:27:14.853  INFO 16008 --- [    Test worker] s.w.s.m.m.a.RequestMappingHandlerMapping : Mapped "{[/contacts/{username}],methods=[GET]}" onto public org.springframework.web.servlet.ModelAndView com.wfy.spring.boot.blog.controller.ContactController.userSpace(java.lang.String,org.springframework.ui.Model)
2019-05-11 21:27:14.854  INFO 16008 --- [    Test worker] s.w.s.m.m.a.RequestMappingHandlerMapping : Mapped "{[/contacts/noticer/{username}],methods=[GET]}" onto public org.springframework.web.servlet.ModelAndView com.wfy.spring.boot.blog.controller.ContactController.listContacts(java.lang.String,int,int,org.springframework.ui.Model)
2019-05-11 21:27:14.865  INFO 16008 --- [    Test worker] s.w.s.m.m.a.RequestMappingHandlerMapping : Mapped "{[/create/{username}/blogDelete/{id}],methods=[DELETE]}" onto public org.springframework.http.ResponseEntity<com.wfy.spring.boot.blog.vo.Response> com.wfy.spring.boot.blog.controller.CreateController.deleteBlog(java.lang.String,java.lang.Long)
2019-05-11 21:27:14.867  INFO 16008 --- [    Test worker] s.w.s.m.m.a.RequestMappingHandlerMapping : Mapped "{[/create/adminPost],methods=[GET]}" onto public org.springframework.web.servlet.ModelAndView com.wfy.spring.boot.blog.controller.CreateController.adminPostManage(java.lang.String,java.lang.String,boolean,int,int,org.springframework.ui.Model)
2019-05-11 21:27:14.868  INFO 16008 --- [    Test worker] s.w.s.m.m.a.RequestMappingHandlerMapping : Mapped "{[/create/{username}/postEdit/{id}],methods=[GET]}" onto public org.springframework.web.servlet.ModelAndView com.wfy.spring.boot.blog.controller.CreateController.editPost(java.lang.String,java.lang.Long,org.springframework.ui.Model)
2019-05-11 21:27:14.870  INFO 16008 --- [    Test worker] s.w.s.m.m.a.RequestMappingHandlerMapping : Mapped "{[/create/{username}/blogEdit],methods=[GET]}" onto public org.springframework.web.servlet.ModelAndView com.wfy.spring.boot.blog.controller.CreateController.createBlog(java.lang.String,org.springframework.ui.Model)
2019-05-11 21:27:14.871  INFO 16008 --- [    Test worker] s.w.s.m.m.a.RequestMappingHandlerMapping : Mapped "{[/create/{username}/postEdit],methods=[POST]}" onto public org.springframework.http.ResponseEntity<com.wfy.spring.boot.blog.vo.Response> com.wfy.spring.boot.blog.controller.CreateController.savePost(java.lang.String,com.wfy.spring.boot.blog.domain.Post)
2019-05-11 21:27:14.873  INFO 16008 --- [    Test worker] s.w.s.m.m.a.RequestMappingHandlerMapping : Mapped "{[/create/{username}/blogEdit/{id}],methods=[GET]}" onto public org.springframework.web.servlet.ModelAndView com.wfy.spring.boot.blog.controller.CreateController.editBlog(java.lang.String,java.lang.Long,org.springframework.ui.Model)
2019-05-11 21:27:14.874  INFO 16008 --- [    Test worker] s.w.s.m.m.a.RequestMappingHandlerMapping : Mapped "{[/create/{username}/help],methods=[GET]}" onto public org.springframework.web.servlet.ModelAndView com.wfy.spring.boot.blog.controller.CreateController.editBlog(java.lang.String,org.springframework.ui.Model)
2019-05-11 21:27:14.876  INFO 16008 --- [    Test worker] s.w.s.m.m.a.RequestMappingHandlerMapping : Mapped "{[/create/{username}/postPhoto],methods=[POST]}" onto public org.springframework.http.ResponseEntity<com.wfy.spring.boot.blog.vo.Response> com.wfy.spring.boot.blog.controller.CreateController.savePostPhoto(java.lang.String,org.springframework.web.multipart.MultipartFile)
2019-05-11 21:27:14.878  INFO 16008 --- [    Test worker] s.w.s.m.m.a.RequestMappingHandlerMapping : Mapped "{[/create/{username}/blogPhoto],methods=[POST]}" onto public org.springframework.http.ResponseEntity<com.wfy.spring.boot.blog.vo.Response> com.wfy.spring.boot.blog.controller.CreateController.saveBlogPhoto(java.lang.String,org.springframework.web.multipart.MultipartFile)
2019-05-11 21:27:14.879  INFO 16008 --- [    Test worker] s.w.s.m.m.a.RequestMappingHandlerMapping : Mapped "{[/create/{username}/postManage],methods=[GET]}" onto public org.springframework.web.servlet.ModelAndView com.wfy.spring.boot.blog.controller.CreateController.userPostManage(java.lang.String,java.lang.String,java.lang.String,boolean,int,int,org.springframework.ui.Model)
2019-05-11 21:27:14.880  INFO 16008 --- [    Test worker] s.w.s.m.m.a.RequestMappingHandlerMapping : Mapped "{[/create/{username}/postEdit],methods=[GET]}" onto public org.springframework.web.servlet.ModelAndView com.wfy.spring.boot.blog.controller.CreateController.createPost(java.lang.String,org.springframework.ui.Model)
2019-05-11 21:27:14.882  INFO 16008 --- [    Test worker] s.w.s.m.m.a.RequestMappingHandlerMapping : Mapped "{[/create/{username}/blogEdit],methods=[POST]}" onto public org.springframework.http.ResponseEntity<com.wfy.spring.boot.blog.vo.Response> com.wfy.spring.boot.blog.controller.CreateController.saveBlog(java.lang.String,com.wfy.spring.boot.blog.domain.Blog)
2019-05-11 21:27:14.883  INFO 16008 --- [    Test worker] s.w.s.m.m.a.RequestMappingHandlerMapping : Mapped "{[/create/{username}/postDelete/{id}],methods=[DELETE]}" onto public org.springframework.http.ResponseEntity<com.wfy.spring.boot.blog.vo.Response> com.wfy.spring.boot.blog.controller.CreateController.deletePost(java.lang.String,java.lang.Long)
2019-05-11 21:27:14.885  INFO 16008 --- [    Test worker] s.w.s.m.m.a.RequestMappingHandlerMapping : Mapped "{[/create/{username}],methods=[GET]}" onto public org.springframework.web.servlet.ModelAndView com.wfy.spring.boot.blog.controller.CreateController.userSpace(org.springframework.ui.Model)
2019-05-11 21:27:14.887  INFO 16008 --- [    Test worker] s.w.s.m.m.a.RequestMappingHandlerMapping : Mapped "{[/create/{username}/blogManage],methods=[GET]}" onto public org.springframework.web.servlet.ModelAndView com.wfy.spring.boot.blog.controller.CreateController.userBlogManage(java.lang.String,java.lang.String,java.lang.Long,java.lang.String,boolean,int,int,org.springframework.ui.Model)
2019-05-11 21:27:14.891  INFO 16008 --- [    Test worker] s.w.s.m.m.a.RequestMappingHandlerMapping : Mapped "{[/create/adminBlog],methods=[GET]}" onto public org.springframework.web.servlet.ModelAndView com.wfy.spring.boot.blog.controller.CreateController.adminBlogManage(java.lang.String,java.lang.String,boolean,int,int,org.springframework.ui.Model)
2019-05-11 21:27:14.897  INFO 16008 --- [    Test worker] s.w.s.m.m.a.RequestMappingHandlerMapping : Mapped "{[/follow],methods=[GET]}" onto public org.springframework.web.servlet.ModelAndView com.wfy.spring.boot.blog.controller.FollowController.listFollows(java.lang.Long,org.springframework.ui.Model)
2019-05-11 21:27:14.899  INFO 16008 --- [    Test worker] s.w.s.m.m.a.RequestMappingHandlerMapping : Mapped "{[/follow/{id}],methods=[DELETE]}" onto public org.springframework.http.ResponseEntity<com.wfy.spring.boot.blog.vo.Response> com.wfy.spring.boot.blog.controller.FollowController.deleteFollow(java.lang.Long,java.lang.Long)
2019-05-11 21:27:14.900  INFO 16008 --- [    Test worker] s.w.s.m.m.a.RequestMappingHandlerMapping : Mapped "{[/follow/accept],methods=[POST]}" onto public org.springframework.http.ResponseEntity<com.wfy.spring.boot.blog.vo.Response> com.wfy.spring.boot.blog.controller.FollowController.isAccept(java.lang.Long,java.lang.Long)
2019-05-11 21:27:14.901  INFO 16008 --- [    Test worker] s.w.s.m.m.a.RequestMappingHandlerMapping : Mapped "{[/follow],methods=[POST]}" onto public org.springframework.http.ResponseEntity<com.wfy.spring.boot.blog.vo.Response> com.wfy.spring.boot.blog.controller.FollowController.createFollow(java.lang.Long,java.lang.String)
2019-05-11 21:27:14.905  INFO 16008 --- [    Test worker] s.w.s.m.m.a.RequestMappingHandlerMapping : Mapped "{[/index],methods=[GET]}" onto public org.springframework.web.servlet.ModelAndView com.wfy.spring.boot.blog.controller.MainController.index(org.springframework.ui.Model)
2019-05-11 21:27:14.908  INFO 16008 --- [    Test worker] s.w.s.m.m.a.RequestMappingHandlerMapping : Mapped "{[/register],methods=[GET]}" onto public org.springframework.web.servlet.ModelAndView com.wfy.spring.boot.blog.controller.MainController.register(org.springframework.ui.Model)
2019-05-11 21:27:14.909  INFO 16008 --- [    Test worker] s.w.s.m.m.a.RequestMappingHandlerMapping : Mapped "{[/],methods=[GET]}" onto public java.lang.String com.wfy.spring.boot.blog.controller.MainController.root()
2019-05-11 21:27:14.910  INFO 16008 --- [    Test worker] s.w.s.m.m.a.RequestMappingHandlerMapping : Mapped "{[/search],methods=[GET]}" onto public java.lang.String com.wfy.spring.boot.blog.controller.MainController.search()
2019-05-11 21:27:14.912  INFO 16008 --- [    Test worker] s.w.s.m.m.a.RequestMappingHandlerMapping : Mapped "{[/login],methods=[GET]}" onto public org.springframework.web.servlet.ModelAndView com.wfy.spring.boot.blog.controller.MainController.login(org.springframework.ui.Model)
2019-05-11 21:27:14.913  INFO 16008 --- [    Test worker] s.w.s.m.m.a.RequestMappingHandlerMapping : Mapped "{[/login-error],methods=[GET]}" onto public org.springframework.web.servlet.ModelAndView com.wfy.spring.boot.blog.controller.MainController.loginError(org.springframework.ui.Model)
2019-05-11 21:27:14.914  INFO 16008 --- [    Test worker] s.w.s.m.m.a.RequestMappingHandlerMapping : Mapped "{[/register-error],methods=[GET]}" onto public org.springframework.web.servlet.ModelAndView com.wfy.spring.boot.blog.controller.MainController.registerError(org.springframework.ui.Model)
2019-05-11 21:27:14.915  INFO 16008 --- [    Test worker] s.w.s.m.m.a.RequestMappingHandlerMapping : Mapped "{[/register],methods=[POST]}" onto public java.lang.String com.wfy.spring.boot.blog.controller.MainController.registerUser(com.wfy.spring.boot.blog.domain.User)
2019-05-11 21:27:14.929  INFO 16008 --- [    Test worker] s.w.s.m.m.a.RequestMappingHandlerMapping : Mapped "{[/personal/{username}/edit],methods=[GET]}" onto public org.springframework.web.servlet.ModelAndView com.wfy.spring.boot.blog.controller.PersonalController.profile(java.lang.String,org.springframework.ui.Model)
2019-05-11 21:27:14.931  INFO 16008 --- [    Test worker] s.w.s.m.m.a.RequestMappingHandlerMapping : Mapped "{[/personal/{username}/info],methods=[GET]}" onto public org.springframework.web.servlet.ModelAndView com.wfy.spring.boot.blog.controller.PersonalController.getInfo(java.lang.String,org.springframework.ui.Model)
2019-05-11 21:27:14.932  INFO 16008 --- [    Test worker] s.w.s.m.m.a.RequestMappingHandlerMapping : Mapped "{[/personal/{username}/recharge],methods=[GET]}" onto public org.springframework.web.servlet.ModelAndView com.wfy.spring.boot.blog.controller.PersonalController.getRecharge(java.lang.String,int,int,org.springframework.ui.Model)
2019-05-11 21:27:14.933  INFO 16008 --- [    Test worker] s.w.s.m.m.a.RequestMappingHandlerMapping : Mapped "{[/personal/{username}/spend],methods=[GET]}" onto public org.springframework.web.servlet.ModelAndView com.wfy.spring.boot.blog.controller.PersonalController.getSpend(java.lang.String,int,int,org.springframework.ui.Model)
2019-05-11 21:27:14.934  INFO 16008 --- [    Test worker] s.w.s.m.m.a.RequestMappingHandlerMapping : Mapped "{[/personal/{username}/avatar],methods=[POST]}" onto public org.springframework.http.ResponseEntity<com.wfy.spring.boot.blog.vo.Response> com.wfy.spring.boot.blog.controller.PersonalController.saveAvatar(java.lang.String,org.springframework.web.multipart.MultipartFile)
2019-05-11 21:27:14.936  INFO 16008 --- [    Test worker] s.w.s.m.m.a.RequestMappingHandlerMapping : Mapped "{[/personal/alipayResult],methods=[GET]}" onto public org.springframework.web.servlet.ModelAndView com.wfy.spring.boot.blog.controller.PersonalController.alipayResult(java.lang.String,java.lang.String,org.springframework.ui.Model)
2019-05-11 21:27:14.937  INFO 16008 --- [    Test worker] s.w.s.m.m.a.RequestMappingHandlerMapping : Mapped "{[/personal/{username}/phto],methods=[GET]}" onto public org.springframework.web.servlet.ModelAndView com.wfy.spring.boot.blog.controller.PersonalController.getPhto(java.lang.String,org.springframework.ui.Model)
2019-05-11 21:27:14.938  INFO 16008 --- [    Test worker] s.w.s.m.m.a.RequestMappingHandlerMapping : Mapped "{[/personal/{username}/income],methods=[GET]}" onto public org.springframework.web.servlet.ModelAndView com.wfy.spring.boot.blog.controller.PersonalController.getIncome(java.lang.String,int,int,org.springframework.ui.Model)
2019-05-11 21:27:14.940  INFO 16008 --- [    Test worker] s.w.s.m.m.a.RequestMappingHandlerMapping : Mapped "{[/personal/{username}/alipay],methods=[GET]}" onto public org.springframework.web.servlet.ModelAndView com.wfy.spring.boot.blog.controller.PersonalController.alipayPage(java.lang.String,org.springframework.ui.Model)
2019-05-11 21:27:14.941  INFO 16008 --- [    Test worker] s.w.s.m.m.a.RequestMappingHandlerMapping : Mapped "{[/personal/{username}/edit],methods=[POST]}" onto public java.lang.String com.wfy.spring.boot.blog.controller.PersonalController.saveProfile(java.lang.String,com.wfy.spring.boot.blog.domain.User)
2019-05-11 21:27:14.942  INFO 16008 --- [    Test worker] s.w.s.m.m.a.RequestMappingHandlerMapping : Mapped "{[/personal/{username}/avatar],methods=[GET]}" onto public org.springframework.web.servlet.ModelAndView com.wfy.spring.boot.blog.controller.PersonalController.avatar(java.lang.String,org.springframework.ui.Model)
2019-05-11 21:27:14.943  INFO 16008 --- [    Test worker] s.w.s.m.m.a.RequestMappingHandlerMapping : Mapped "{[/personal/{username}],methods=[GET]}" onto public org.springframework.web.servlet.ModelAndView com.wfy.spring.boot.blog.controller.PersonalController.userSpace(org.springframework.ui.Model)
2019-05-11 21:27:14.944  INFO 16008 --- [    Test worker] s.w.s.m.m.a.RequestMappingHandlerMapping : Mapped "{[/personal/{username}/alipay],methods=[POST]}" onto public java.lang.String com.wfy.spring.boot.blog.controller.PersonalController.alipay(java.lang.String,java.lang.String) throws com.alipay.api.AlipayApiException
2019-05-11 21:27:14.946  INFO 16008 --- [    Test worker] s.w.s.m.m.a.RequestMappingHandlerMapping : Mapped "{[/post],methods=[GET]}" onto public org.springframework.web.servlet.ModelAndView com.wfy.spring.boot.blog.controller.PostController.listsPosts(java.lang.String,java.lang.String,boolean,int,int,org.springframework.ui.Model)
2019-05-11 21:27:14.947  INFO 16008 --- [    Test worker] s.w.s.m.m.a.RequestMappingHandlerMapping : Mapped "{[/post/rank],methods=[GET]}" onto public org.springframework.web.servlet.ModelAndView com.wfy.spring.boot.blog.controller.PostController.getBlogRank(java.lang.String,int,org.springframework.ui.Model)
2019-05-11 21:27:14.948  INFO 16008 --- [    Test worker] s.w.s.m.m.a.RequestMappingHandlerMapping : Mapped "{[/post/detail/{id}],methods=[GET]}" onto public org.springframework.web.servlet.ModelAndView com.wfy.spring.boot.blog.controller.PostController.getPostById(java.lang.Long,org.springframework.ui.Model)
2019-05-11 21:27:14.950  INFO 16008 --- [    Test worker] s.w.s.m.m.a.RequestMappingHandlerMapping : Mapped "{[/spends],methods=[POST]}" onto public org.springframework.http.ResponseEntity<com.wfy.spring.boot.blog.vo.Response> com.wfy.spring.boot.blog.controller.SpendController.createComment(java.lang.Long,java.lang.Integer)
2019-05-11 21:27:14.952  INFO 16008 --- [    Test worker] s.w.s.m.m.a.RequestMappingHandlerMapping : Mapped "{[/spends],methods=[GET]}" onto public org.springframework.web.servlet.ModelAndView com.wfy.spring.boot.blog.controller.SpendController.listComments(java.lang.Long,org.springframework.ui.Model)
2019-05-11 21:27:14.960  INFO 16008 --- [    Test worker] s.w.s.m.m.a.RequestMappingHandlerMapping : Mapped "{[/users/{id}],methods=[DELETE]}" onto public org.springframework.http.ResponseEntity<com.wfy.spring.boot.blog.vo.Response> com.wfy.spring.boot.blog.controller.UserController.delete(java.lang.Long,org.springframework.ui.Model)
2019-05-11 21:27:14.961  INFO 16008 --- [    Test worker] s.w.s.m.m.a.RequestMappingHandlerMapping : Mapped "{[/users],methods=[POST]}" onto public org.springframework.http.ResponseEntity<com.wfy.spring.boot.blog.vo.Response> com.wfy.spring.boot.blog.controller.UserController.create(com.wfy.spring.boot.blog.domain.User,java.lang.Long)
2019-05-11 21:27:14.961  INFO 16008 --- [    Test worker] s.w.s.m.m.a.RequestMappingHandlerMapping : Mapped "{[/users],methods=[GET]}" onto public org.springframework.web.servlet.ModelAndView com.wfy.spring.boot.blog.controller.UserController.list(boolean,int,int,java.lang.String,org.springframework.ui.Model)
2019-05-11 21:27:14.962  INFO 16008 --- [    Test worker] s.w.s.m.m.a.RequestMappingHandlerMapping : Mapped "{[/users/add],methods=[GET]}" onto public org.springframework.web.servlet.ModelAndView com.wfy.spring.boot.blog.controller.UserController.createForm(org.springframework.ui.Model)
2019-05-11 21:27:14.964  INFO 16008 --- [    Test worker] s.w.s.m.m.a.RequestMappingHandlerMapping : Mapped "{[/users/edit/{id}],methods=[GET]}" onto public org.springframework.web.servlet.ModelAndView com.wfy.spring.boot.blog.controller.UserController.modifyForm(java.lang.Long,org.springframework.ui.Model)
2019-05-11 21:27:14.966  INFO 16008 --- [    Test worker] s.w.s.m.m.a.RequestMappingHandlerMapping : Mapped "{[/u/{username}/postManage],methods=[GET]}" onto public org.springframework.web.servlet.ModelAndView com.wfy.spring.boot.blog.controller.UserspaceController.userPostManage(java.lang.String,boolean,int,int,org.springframework.ui.Model)
2019-05-11 21:27:14.967  INFO 16008 --- [    Test worker] s.w.s.m.m.a.RequestMappingHandlerMapping : Mapped "{[/u/{username}],methods=[GET]}" onto public org.springframework.web.servlet.ModelAndView com.wfy.spring.boot.blog.controller.UserspaceController.userSpace(java.lang.String,org.springframework.ui.Model)
2019-05-11 21:27:14.968  INFO 16008 --- [    Test worker] s.w.s.m.m.a.RequestMappingHandlerMapping : Mapped "{[/u/{username}/blogManage],methods=[GET]}" onto public org.springframework.web.servlet.ModelAndView com.wfy.spring.boot.blog.controller.UserspaceController.userBlogManage(java.lang.String,java.lang.Long,int,int,org.springframework.ui.Model)
2019-05-11 21:27:15.400  INFO 16008 --- [    Test worker] s.w.s.m.m.a.RequestMappingHandlerMapping : Mapped "{[/votes/{id}],methods=[DELETE]}" onto public org.springframework.http.ResponseEntity<com.wfy.spring.boot.blog.vo.Response> com.wfy.spring.boot.blog.controller.VoteController.delete(java.lang.Long,java.lang.Long)
2019-05-11 21:27:15.401  INFO 16008 --- [    Test worker] s.w.s.m.m.a.RequestMappingHandlerMapping : Mapped "{[/votes],methods=[POST]}" onto public org.springframework.http.ResponseEntity<com.wfy.spring.boot.blog.vo.Response> com.wfy.spring.boot.blog.controller.VoteController.createVote(java.lang.Long)
2019-05-11 21:27:15.402  INFO 16008 --- [    Test worker] s.w.s.m.m.a.RequestMappingHandlerMapping : Mapped "{[/votes/follow/{id}],methods=[DELETE]}" onto public org.springframework.http.ResponseEntity<com.wfy.spring.boot.blog.vo.Response> com.wfy.spring.boot.blog.controller.VoteController.deleteFollowVote(java.lang.Long,java.lang.Long)
2019-05-11 21:27:15.403  INFO 16008 --- [    Test worker] s.w.s.m.m.a.RequestMappingHandlerMapping : Mapped "{[/votes/follow],methods=[POST]}" onto public org.springframework.http.ResponseEntity<com.wfy.spring.boot.blog.vo.Response> com.wfy.spring.boot.blog.controller.VoteController.createFollowVote(java.lang.Long)
2019-05-11 21:27:15.404  INFO 16008 --- [    Test worker] s.w.s.m.m.a.RequestMappingHandlerMapping : Mapped "{[/votes/comment],methods=[POST]}" onto public org.springframework.http.ResponseEntity<com.wfy.spring.boot.blog.vo.Response> com.wfy.spring.boot.blog.controller.VoteController.createCommentVote(java.lang.Long)
2019-05-11 21:27:15.406  INFO 16008 --- [    Test worker] s.w.s.m.m.a.RequestMappingHandlerMapping : Mapped "{[/votes/comment/{id}],methods=[DELETE]}" onto public org.springframework.http.ResponseEntity<com.wfy.spring.boot.blog.vo.Response> com.wfy.spring.boot.blog.controller.VoteController.deleteCommentVote(java.lang.Long,java.lang.Long)
2019-05-11 21:27:15.410  INFO 16008 --- [    Test worker] s.w.s.m.m.a.RequestMappingHandlerMapping : Mapped "{[/error]}" onto public org.springframework.http.ResponseEntity<java.util.Map<java.lang.String, java.lang.Object>> org.springframework.boot.autoconfigure.web.servlet.error.BasicErrorController.error(javax.servlet.http.HttpServletRequest)
2019-05-11 21:27:15.413  INFO 16008 --- [    Test worker] s.w.s.m.m.a.RequestMappingHandlerMapping : Mapped "{[/error],produces=[text/html]}" onto public org.springframework.web.servlet.ModelAndView org.springframework.boot.autoconfigure.web.servlet.error.BasicErrorController.errorHtml(javax.servlet.http.HttpServletRequest,javax.servlet.http.HttpServletResponse)
2019-05-11 21:27:15.510  INFO 16008 --- [    Test worker] o.s.w.s.handler.SimpleUrlHandlerMapping  : Mapped URL path [/webjars/**] onto handler of type [class org.springframework.web.servlet.resource.ResourceHttpRequestHandler]
2019-05-11 21:27:15.511  INFO 16008 --- [    Test worker] o.s.w.s.handler.SimpleUrlHandlerMapping  : Mapped URL path [/**] onto handler of type [class org.springframework.web.servlet.resource.ResourceHttpRequestHandler]
2019-05-11 21:27:15.512  INFO 16008 --- [    Test worker] o.s.w.s.handler.SimpleUrlHandlerMapping  : Mapped URL path [/imgs/avatar/**] onto handler of type [class org.springframework.web.servlet.resource.ResourceHttpRequestHandler]
2019-05-11 21:27:15.513  INFO 16008 --- [    Test worker] o.s.w.s.handler.SimpleUrlHandlerMapping  : Mapped URL path [/imgs/blog/**] onto handler of type [class org.springframework.web.servlet.resource.ResourceHttpRequestHandler]
2019-05-11 21:27:15.513  INFO 16008 --- [    Test worker] o.s.w.s.handler.SimpleUrlHandlerMapping  : Mapped URL path [/imgs/post/**] onto handler of type [class org.springframework.web.servlet.resource.ResourceHttpRequestHandler]
2019-05-11 21:27:15.736  WARN 16008 --- [    Test worker] org.thymeleaf.templatemode.TemplateMode  : [THYMELEAF][Test worker] Template Mode 'HTML5' is deprecated. Using Template Mode 'HTML' instead.
2019-05-11 21:27:15.789  WARN 16008 --- [    Test worker] on$ThymeleafSecurityDialectConfiguration : Auto-configuration for thymeleaf-extras-springsecurity4 is deprecated in favour of thymeleaf-extras-springsecurity5
2019-05-11 21:27:15.942  INFO 16008 --- [    Test worker] o.s.b.a.w.s.WelcomePageHandlerMapping    : Adding welcome page template: index
2019-05-11 21:27:16.697  INFO 16008 --- [    Test worker] c.wfy.spring.boot.blog.ApplicationTests  : Started ApplicationTests in 27.128 seconds (JVM running for 30.325)
]]></system-out>
  <system-err><![CDATA[五月 11, 2019 9:26:48 下午 org.springframework.test.context.support.AbstractTestContextBootstrapper buildDefaultMergedContextConfiguration
信息: Neither @ContextConfiguration nor @ContextHierarchy found for test class [com.wfy.spring.boot.blog.ApplicationTests], using SpringBootContextLoader
五月 11, 2019 9:26:48 下午 org.springframework.test.context.support.AbstractContextLoader generateDefaultLocations
信息: Could not detect default resource locations for test class [com.wfy.spring.boot.blog.ApplicationTests]: no resource found for suffixes {-context.xml, Context.groovy}.
五月 11, 2019 9:26:48 下午 org.springframework.test.context.support.AnnotationConfigContextLoaderUtils detectDefaultConfigurationClasses
信息: Could not detect default configuration classes for test class [com.wfy.spring.boot.blog.ApplicationTests]: ApplicationTests does not declare any static, non-private, non-final, nested classes annotated with @Configuration.
五月 11, 2019 9:26:48 下午 org.springframework.boot.test.context.SpringBootTestContextBootstrapper getOrFindConfigurationClasses
信息: Found @SpringBootConfiguration com.wfy.spring.boot.blog.Application for test class com.wfy.spring.boot.blog.ApplicationTests
五月 11, 2019 9:26:49 下午 org.springframework.test.context.support.AbstractTestContextBootstrapper getDefaultTestExecutionListenerClassNames
信息: Loaded default TestExecutionListener class names from location [META-INF/spring.factories]: [org.springframework.boot.test.autoconfigure.restdocs.RestDocsTestExecutionListener, org.springframework.boot.test.autoconfigure.web.client.MockRestServiceServerResetTestExecutionListener, org.springframework.boot.test.autoconfigure.web.servlet.MockMvcPrintOnlyOnFailureTestExecutionListener, org.springframework.boot.test.autoconfigure.web.servlet.WebDriverTestExecutionListener, org.springframework.boot.test.mock.mockito.MockitoTestExecutionListener, org.springframework.boot.test.mock.mockito.ResetMocksTestExecutionListener, org.springframework.test.context.web.ServletTestExecutionListener, org.springframework.test.context.support.DirtiesContextBeforeModesTestExecutionListener, org.springframework.test.context.support.DependencyInjectionTestExecutionListener, org.springframework.test.context.support.DirtiesContextTestExecutionListener, org.springframework.test.context.transaction.TransactionalTestExecutionListener, org.springframework.test.context.jdbc.SqlScriptsTestExecutionListener]
五月 11, 2019 9:26:49 下午 org.springframework.test.context.support.AbstractTestContextBootstrapper getTestExecutionListeners
信息: Using TestExecutionListeners: [org.springframework.test.context.web.ServletTestExecutionListener@61ff2aec, org.springframework.test.context.support.DirtiesContextBeforeModesTestExecutionListener@5a20b61e, org.springframework.boot.test.mock.mockito.MockitoTestExecutionListener@2a5b72c6, org.springframework.boot.test.autoconfigure.SpringBootDependencyInjectionTestExecutionListener@38a423e4, org.springframework.test.context.support.DirtiesContextTestExecutionListener@2014d656, org.springframework.test.context.transaction.TransactionalTestExecutionListener@7fdb140c, org.springframework.test.context.jdbc.SqlScriptsTestExecutionListener@ee78473, org.springframework.boot.test.autoconfigure.restdocs.RestDocsTestExecutionListener@17c53d48, org.springframework.boot.test.autoconfigure.web.client.MockRestServiceServerResetTestExecutionListener@1165ef80, org.springframework.boot.test.autoconfigure.web.servlet.MockMvcPrintOnlyOnFailureTestExecutionListener@3639f2d4, org.springframework.boot.test.autoconfigure.web.servlet.WebDriverTestExecutionListener@4cf3c7c, org.springframework.boot.test.mock.mockito.ResetMocksTestExecutionListener@3a5e7ed0]
]]></system-err>
</testsuite>
